
*** Running vivado
    with args -log psd_overlap.vds -m64 -product Vivado -mode batch -messageDb vivado.pb -notrace -source psd_overlap.tcl



****** Vivado v2022.1 (64-bit)
  **** SW Build 3526262 on Mon Apr 18 15:48:16 MDT 2022
  **** IP Build 3524634 on Mon Apr 18 20:55:01 MDT 2022
    ** Copyright 1986-2022 Xilinx, Inc. All Rights Reserved.

source psd_overlap.tcl -notrace
Command: read_checkpoint -auto_incremental -incremental E:/FPGA/DigitalRX/DigitalRX.srcs/utils_1/imports/synth_1/psd_overlap.dcp
INFO: [Vivado 12-5825] Read reference checkpoint from E:/FPGA/DigitalRX/DigitalRX.srcs/utils_1/imports/synth_1/psd_overlap.dcp for incremental synthesis
INFO: [Vivado 12-7989] Please ensure there are no constraint changes
Command: synth_design -top psd_overlap -part xc7z020clg484-1
Starting synth_design
Attempting to get a license for feature 'Synthesis' and/or device 'xc7z020'
INFO: [Common 17-349] Got license for feature 'Synthesis' and/or device 'xc7z020'
INFO: [Designutils 20-5440] No compile time benefit to using incremental synthesis; A full resynthesis will be run
INFO: [Designutils 20-4379] Flow is switching to default flow due to incremental criteria not met. If you would like to alter this behaviour and have the flow terminate instead, please set the following parameter config_implementation {autoIncr.Synth.RejectBehavior Terminate}
INFO: [Synth 8-7079] Multithreading enabled for synth_design using a maximum of 2 processes.
INFO: [Synth 8-7078] Launching helper process for spawning children vivado processes
INFO: [Synth 8-7075] Helper process launched with PID 23692
---------------------------------------------------------------------------------
Starting Synthesize : Time (s): cpu = 00:00:03 ; elapsed = 00:00:03 . Memory (MB): peak = 1298.504 ; gain = 0.000
---------------------------------------------------------------------------------
INFO: [Synth 8-6157] synthesizing module 'psd_overlap' [E:/FPGA/DigitalRX/DigitalRX.srcs/sources_1/new/psd_overlap.v:9]
INFO: [Synth 8-6155] done synthesizing module 'psd_overlap' (0#1) [E:/FPGA/DigitalRX/DigitalRX.srcs/sources_1/new/psd_overlap.v:9]
WARNING: [Synth 8-6014] Unused sequential element config_overlap_len_reg was removed.  [E:/FPGA/DigitalRX/DigitalRX.srcs/sources_1/new/psd_overlap.v:55]
WARNING: [Synth 8-7129] Port overlap_len[14] in module psd_overlap is either unconnected or has no load
WARNING: [Synth 8-7129] Port overlap_len[13] in module psd_overlap is either unconnected or has no load
WARNING: [Synth 8-7129] Port overlap_len[12] in module psd_overlap is either unconnected or has no load
WARNING: [Synth 8-7129] Port overlap_len[11] in module psd_overlap is either unconnected or has no load
WARNING: [Synth 8-7129] Port overlap_len[10] in module psd_overlap is either unconnected or has no load
WARNING: [Synth 8-7129] Port overlap_len[9] in module psd_overlap is either unconnected or has no load
WARNING: [Synth 8-7129] Port overlap_len[8] in module psd_overlap is either unconnected or has no load
WARNING: [Synth 8-7129] Port overlap_len[7] in module psd_overlap is either unconnected or has no load
WARNING: [Synth 8-7129] Port overlap_len[6] in module psd_overlap is either unconnected or has no load
WARNING: [Synth 8-7129] Port overlap_len[5] in module psd_overlap is either unconnected or has no load
WARNING: [Synth 8-7129] Port overlap_len[4] in module psd_overlap is either unconnected or has no load
WARNING: [Synth 8-7129] Port overlap_len[3] in module psd_overlap is either unconnected or has no load
WARNING: [Synth 8-7129] Port overlap_len[2] in module psd_overlap is either unconnected or has no load
WARNING: [Synth 8-7129] Port overlap_len[1] in module psd_overlap is either unconnected or has no load
WARNING: [Synth 8-7129] Port overlap_len[0] in module psd_overlap is either unconnected or has no load
WARNING: [Synth 8-7129] Port overlap_len_valid in module psd_overlap is either unconnected or has no load
---------------------------------------------------------------------------------
Finished Synthesize : Time (s): cpu = 00:00:04 ; elapsed = 00:00:04 . Memory (MB): peak = 1298.504 ; gain = 0.000
---------------------------------------------------------------------------------
---------------------------------------------------------------------------------
Finished Constraint Validation : Time (s): cpu = 00:00:04 ; elapsed = 00:00:05 . Memory (MB): peak = 1298.504 ; gain = 0.000
---------------------------------------------------------------------------------
---------------------------------------------------------------------------------
Start Loading Part and Timing Information
---------------------------------------------------------------------------------
Loading part: xc7z020clg484-1
---------------------------------------------------------------------------------
Finished Loading Part and Timing Information : Time (s): cpu = 00:00:04 ; elapsed = 00:00:05 . Memory (MB): peak = 1298.504 ; gain = 0.000
---------------------------------------------------------------------------------
INFO: [Device 21-403] Loading part xc7z020clg484-1
---------------------------------------------------------------------------------
Finished RTL Optimization Phase 2 : Time (s): cpu = 00:00:04 ; elapsed = 00:00:05 . Memory (MB): peak = 1298.504 ; gain = 0.000
---------------------------------------------------------------------------------
No constraint files found.
---------------------------------------------------------------------------------
Start RTL Component Statistics 
---------------------------------------------------------------------------------
Detailed RTL Component Info : 
+---Registers : 
	               16 Bit    Registers := 1     
---------------------------------------------------------------------------------
Finished RTL Component Statistics 
---------------------------------------------------------------------------------
---------------------------------------------------------------------------------
Start Part Resource Summary
---------------------------------------------------------------------------------
Part Resources:
DSPs: 220 (col length:60)
BRAMs: 280 (col length: RAMB18 60 RAMB36 30)
---------------------------------------------------------------------------------
Finished Part Resource Summary
---------------------------------------------------------------------------------
No constraint files found.
---------------------------------------------------------------------------------
Start Cross Boundary and Area Optimization
---------------------------------------------------------------------------------
WARNING: [Synth 8-7080] Parallel synthesis criteria is not met
WARNING: [Synth 8-7129] Port overlap_len[14] in module psd_overlap is either unconnected or has no load
WARNING: [Synth 8-7129] Port overlap_len[13] in module psd_overlap is either unconnected or has no load
WARNING: [Synth 8-7129] Port overlap_len[12] in module psd_overlap is either unconnected or has no load
WARNING: [Synth 8-7129] Port overlap_len[11] in module psd_overlap is either unconnected or has no load
WARNING: [Synth 8-7129] Port overlap_len[10] in module psd_overlap is either unconnected or has no load
WARNING: [Synth 8-7129] Port overlap_len[9] in module psd_overlap is either unconnected or has no load
WARNING: [Synth 8-7129] Port overlap_len[8] in module psd_overlap is either unconnected or has no load
WARNING: [Synth 8-7129] Port overlap_len[7] in module psd_overlap is either unconnected or has no load
WARNING: [Synth 8-7129] Port overlap_len[6] in module psd_overlap is either unconnected or has no load
WARNING: [Synth 8-7129] Port overlap_len[5] in module psd_overlap is either unconnected or has no load
WARNING: [Synth 8-7129] Port overlap_len[4] in module psd_overlap is either unconnected or has no load
WARNING: [Synth 8-7129] Port overlap_len[3] in module psd_overlap is either unconnected or has no load
WARNING: [Synth 8-7129] Port overlap_len[2] in module psd_overlap is either unconnected or has no load
WARNING: [Synth 8-7129] Port overlap_len[1] in module psd_overlap is either unconnected or has no load
WARNING: [Synth 8-7129] Port overlap_len[0] in module psd_overlap is either unconnected or has no load
WARNING: [Synth 8-7129] Port overlap_len_valid in module psd_overlap is either unconnected or has no load
---------------------------------------------------------------------------------
Finished Cross Boundary and Area Optimization : Time (s): cpu = 00:00:07 ; elapsed = 00:00:10 . Memory (MB): peak = 1298.504 ; gain = 0.000
---------------------------------------------------------------------------------
No constraint files found.
---------------------------------------------------------------------------------
Start Timing Optimization
---------------------------------------------------------------------------------
---------------------------------------------------------------------------------
Finished Timing Optimization : Time (s): cpu = 00:00:08 ; elapsed = 00:00:10 . Memory (MB): peak = 1298.504 ; gain = 0.000
---------------------------------------------------------------------------------
---------------------------------------------------------------------------------
Start Technology Mapping
---------------------------------------------------------------------------------
---------------------------------------------------------------------------------
Finished Technology Mapping : Time (s): cpu = 00:00:08 ; elapsed = 00:00:10 . Memory (MB): peak = 1298.504 ; gain = 0.000
---------------------------------------------------------------------------------
---------------------------------------------------------------------------------
Start IO Insertion
---------------------------------------------------------------------------------
---------------------------------------------------------------------------------
Start Flattening Before IO Insertion
---------------------------------------------------------------------------------
---------------------------------------------------------------------------------
Finished Flattening Before IO Insertion
---------------------------------------------------------------------------------
---------------------------------------------------------------------------------
Start Final Netlist Cleanup
---------------------------------------------------------------------------------
---------------------------------------------------------------------------------
Finished Final Netlist Cleanup
---------------------------------------------------------------------------------
---------------------------------------------------------------------------------
Finished IO Insertion : Time (s): cpu = 00:00:10 ; elapsed = 00:00:12 . Memory (MB): peak = 1298.504 ; gain = 0.000
---------------------------------------------------------------------------------
---------------------------------------------------------------------------------
Start Renaming Generated Instances
---------------------------------------------------------------------------------
---------------------------------------------------------------------------------
Finished Renaming Generated Instances : Time (s): cpu = 00:00:10 ; elapsed = 00:00:12 . Memory (MB): peak = 1298.504 ; gain = 0.000
---------------------------------------------------------------------------------
---------------------------------------------------------------------------------
Start Rebuilding User Hierarchy
---------------------------------------------------------------------------------
---------------------------------------------------------------------------------
Finished Rebuilding User Hierarchy : Time (s): cpu = 00:00:10 ; elapsed = 00:00:12 . Memory (MB): peak = 1298.504 ; gain = 0.000
---------------------------------------------------------------------------------
---------------------------------------------------------------------------------
Start Renaming Generated Ports
---------------------------------------------------------------------------------
---------------------------------------------------------------------------------
Finished Renaming Generated Ports : Time (s): cpu = 00:00:10 ; elapsed = 00:00:12 . Memory (MB): peak = 1298.504 ; gain = 0.000
---------------------------------------------------------------------------------
---------------------------------------------------------------------------------
Start Handling Custom Attributes
---------------------------------------------------------------------------------
---------------------------------------------------------------------------------
Finished Handling Custom Attributes : Time (s): cpu = 00:00:10 ; elapsed = 00:00:12 . Memory (MB): peak = 1298.504 ; gain = 0.000
---------------------------------------------------------------------------------
---------------------------------------------------------------------------------
Start Renaming Generated Nets
---------------------------------------------------------------------------------
---------------------------------------------------------------------------------
Finished Renaming Generated Nets : Time (s): cpu = 00:00:10 ; elapsed = 00:00:12 . Memory (MB): peak = 1298.504 ; gain = 0.000
---------------------------------------------------------------------------------
---------------------------------------------------------------------------------
Start Writing Synthesis Report
---------------------------------------------------------------------------------

Report BlackBoxes: 
+-+--------------+----------+
| |BlackBox name |Instances |
+-+--------------+----------+
+-+--------------+----------+

Report Cell Usage: 
+------+-------+------+
|      |Cell   |Count |
+------+-------+------+
|1     |BUFG   |     1|
|2     |CARRY4 |     6|
|3     |LUT1   |     1|
|4     |LUT2   |    20|
|5     |LUT3   |     4|
|6     |LUT4   |     8|
|7     |LUT5   |     1|
|8     |LUT6   |     4|
|9     |FDCE   |    16|
|10    |FDPE   |    15|
|11    |IBUF   |    40|
|12    |OBUF   |    34|
+------+-------+------+

Report Instance Areas: 
+------+---------+-------+------+
|      |Instance |Module |Cells |
+------+---------+-------+------+
|1     |top      |       |   150|
+------+---------+-------+------+
---------------------------------------------------------------------------------
Finished Writing Synthesis Report : Time (s): cpu = 00:00:10 ; elapsed = 00:00:12 . Memory (MB): peak = 1298.504 ; gain = 0.000
---------------------------------------------------------------------------------
Synthesis finished with 0 errors, 0 critical warnings and 34 warnings.
Synthesis Optimization Runtime : Time (s): cpu = 00:00:10 ; elapsed = 00:00:12 . Memory (MB): peak = 1298.504 ; gain = 0.000
Synthesis Optimization Complete : Time (s): cpu = 00:00:10 ; elapsed = 00:00:12 . Memory (MB): peak = 1298.504 ; gain = 0.000
INFO: [Project 1-571] Translating synthesized netlist
Netlist sorting complete. Time (s): cpu = 00:00:00 ; elapsed = 00:00:00.002 . Memory (MB): peak = 1298.504 ; gain = 0.000
INFO: [Netlist 29-17] Analyzing 6 Unisim elements for replacement
INFO: [Netlist 29-28] Unisim Transformation completed in 0 CPU seconds
INFO: [Project 1-570] Preparing netlist for logic optimization
INFO: [Opt 31-138] Pushed 0 inverter(s) to 0 load pin(s).
Netlist sorting complete. Time (s): cpu = 00:00:00 ; elapsed = 00:00:00 . Memory (MB): peak = 1298.504 ; gain = 0.000
INFO: [Project 1-111] Unisim Transformation Summary:
No Unisim elements were transformed.

Synth Design complete, checksum: b27bce81
INFO: [Common 17-83] Releasing license: Synthesis
18 Infos, 34 Warnings, 0 Critical Warnings and 0 Errors encountered.
synth_design completed successfully
synth_design: Time (s): cpu = 00:00:11 ; elapsed = 00:00:14 . Memory (MB): peak = 1298.504 ; gain = 0.000
INFO: [Common 17-1381] The checkpoint 'E:/FPGA/DigitalRX/DigitalRX.runs/synth_1/psd_overlap.dcp' has been generated.
INFO: [runtcl-4] Executing : report_utilization -file psd_overlap_utilization_synth.rpt -pb psd_overlap_utilization_synth.pb
INFO: [Common 17-206] Exiting Vivado at Wed Sep 27 03:18:54 2023...
